<?xml version="1.0" encoding="UTF-8"?>
<!-- Generated by org.testng.reporters.JUnitReportReporter -->
<testsuite hostname="DESKTOP-PP8RICL" failures="0" tests="1" name="testCases.TC003_LoginTest" time="0.541" errors="0" timestamp="2024-09-16T17:18:38 BDT" skipped="0">
  <testcase classname="testCases.TC003_LoginTest" name="verify_Loginbtn" time="0.541"/>
</testsuite> <!-- testCases.TC003_LoginTest -->
