<?xml version="1.0" encoding="UTF-8"?>
<!-- Generated by org.testng.reporters.JUnitReportReporter -->
<testsuite hostname="DESKTOP-PP8RICL" failures="0" tests="1" name="testCases.TC001_LogoDisplayTest" time="0.130" errors="0" timestamp="2024-09-13T01:26:37 BDT" skipped="0">
  <testcase classname="testCases.TC001_LogoDisplayTest" name="verifyDisplay" time="0.130"/>
</testsuite> <!-- testCases.TC001_LogoDisplayTest -->
